0:100  0:100  MemLog inited, TSC freq: 2594270120
0:100  0:000  CPU was calibrated with RTC
0:100  0:000  
0:100  0:000  Now is 18.12.2019,  13:02:00 (GMT)
0:100  0:000  Starting Clover revision: 5100 (master, commit 90148880) on INSYDE Corp. EFI
0:100  0:000  Build with: [Args: -D NO_GRUB_DRIVERS_EMBEDDED -t GCC53 | -D NO_GRUB_DRIVERS_EMBEDDED --conf=/Users/sergey/src/Clover/Conf -D USE_LOW_EBDA -a X64 -b RELEASE -t GCC53 -n 5 | OS: 10.14.6]
0:100  0:000  SelfDevicePath=PciRoot(0x0)\Pci(0x17,0x0)\Sata(0x0,0x0,0x0)\HD(1,GPT,473180BA-DA03-4B0C-B052-2101EBB931A0,0x28,0x64000) @6BFB8C18
0:100  0:000  SelfDirPath = \EFI\BOOT
0:100  0:000  SimpleTextEx Status=Success
0:100  0:000  === [ Get Smbios ] ========================================
0:100  0:000  Type 16 Index = 0
0:100  0:000  Total Memory Slots Count = 2
0:100  0:000  Type 17 Index = 0
0:100  0:000  SmbiosTable.Type17->Speed = 1600MHz
0:100  0:000  SmbiosTable.Type17->Size = 8192MB
0:100  0:000  SmbiosTable.Type17->Bank/Device = BANK 0 ChannelA-DIMM0
0:100  0:000  SmbiosTable.Type17->Vendor = 0467
0:100  0:000  SmbiosTable.Type17->SerialNumber = 67441217
0:100  0:000  SmbiosTable.Type17->PartNumber = RMT3160ME68FAF1600
0:100  0:000  Type 17 Index = 1
0:100  0:000  Ignoring insane frequency value 0MHz
0:100  0:000  SmbiosTable.Type17->Speed = 0MHz
0:100  0:000  SmbiosTable.Type17->Size = 0MB
0:100  0:000  SmbiosTable.Type17->Bank/Device = BANK 1 ChannelA-DIMM1
0:100  0:000  SmbiosTable.Type17->Vendor = <null string>
0:100  0:000  SmbiosTable.Type17->SerialNumber = <null string>
0:100  0:000  SmbiosTable.Type17->PartNumber = <null string>
0:100  0:000  Boot status=0
0:100  0:000  Running on: 'NC-E5-574G-77Z7' with board 'Zoro_SL '
0:100  0:000  === [ GetCPUProperties ] ==================================
0:100  0:000  CPU Vendor = 756E6547 Model=406E3
0:100  0:000   The CPU supported SSE4.1
0:100  0:000  BrandString = Intel(R) Core(TM) i7-6500U CPU @ 2.50GHz
0:100  0:000   The CPU supported turbo
0:100  0:000  MSR 0x35               20004
0:100  0:000   TSC/CCC Information Leaf:
0:100  0:000    numerator     : 216
0:100  0:000    denominator   : 2
0:100  0:000   Calibrated ARTFrequency: 24021019
0:100  0:000   Rounded ARTFrequency: 24000000
0:100  0:000  MSR 0xE2 before patch 1E008006
0:100  0:000  MSR 0xE2 is locked, PM patches will be turned on
0:100  0:000  MSR 0xCE              0004043D_F1011A00
0:100  0:000  corrected FLEX_RATIO = 0
0:100  0:000  MSR 0x1B0             00000000
0:100  0:000  FSBFrequency = 93 MHz, DMI FSBFrequency = 100 MHz, Corrected FSBFrequency = 100 MHz
0:101  0:000  MaxDiv/MinDiv: 26.0/4
0:101  0:000  Turbo: 29/29/29/30
0:101  0:000  Features: 0xBFEBFBFF
0:101  0:000  Threads: 4
0:101  0:000  Cores: 2
0:101  0:000  FSB: 100 MHz
0:101  0:000  CPU: 2400 MHz
0:101  0:000  TSC: 2400 MHz
0:101  0:000  PIS: 100 MHz
0:101  0:000  ExternalClock: 25 MHz
0:101  0:000  === [ GetDevices ] ========================================
0:101  0:000  GOP found at: <null string>
0:101  0:000  PCI (00|00:00.00) : 8086 1904 class=060000
0:101  0:000  PCI (00|00:02.00) : 8086 1916 class=030000
0:101  0:000   - GFX: Model=Intel HD Graphics 520 (Intel)
0:101  0:000  PCI (00|00:14.00) : 8086 9D2F class=0C0330
0:101  0:000  PCI (00|00:14.02) : 8086 9D31 class=118000
0:101  0:000  PCI (00|00:15.00) : 8086 9D60 class=118000
0:101  0:000  PCI (00|00:16.00) : 8086 9D3A class=078000
0:101  0:000  PCI (00|00:17.00) : 8086 9D03 class=010601
0:101  0:000  PCI (00|00:1C.00) : 8086 9D10 class=060400
0:101  0:000  PCI (00|01:00.00) : 10DE 1299 class=030200
0:101  0:000  PCI (00|01:00.01) : FFFF FFFF class=FFFFFF
0:101  0:000  PCI (00|00:1C.04) : 8086 9D14 class=060400
0:101  0:000  PCI (00|02:00.00) : 10EC 8168 class=020000
0:101  0:000   - LAN: 0 Vendor=Realtek
0:101  0:000  PCI (00|00:1C.05) : 8086 9D15 class=060400
0:101  0:000  PCI (00|03:00.00) : 14E4 43BA class=028000
0:101  0:000   - WIFI: Vendor=Broadcom
0:101  0:000  PCI (00|00:1F.00) : 8086 9D48 class=060100
0:101  0:000  PCI (00|00:1F.02) : 8086 9D21 class=058000
0:101  0:000  PCI (00|00:1F.03) : 8086 9D70 class=040300
0:101  0:000  PCI (00|00:1F.04) : 8086 9D23 class=0C0500
0:101  0:000  === [ GetDefaultSettings ] ================================
0:101  0:000  Clover load options size = 0 bytes
0:107  0:006  EFI\CLOVER\config.plist loaded: Success
0:114  0:006  === [ GetListOfThemes ] ===================================
0:115  0:001  - [00]: MacOS86
0:117  0:001  === [ Found config plists ] ===============================
0:117  0:000  - config.plist
0:118  0:001  === [ GetEarlyUserSettings ] ==============================
0:118  0:000  timeout set to 5
0:118  0:000  Custom boot CUSTOM_BOOT_DISABLED (0x0)
0:118  0:000  KextsToPatch: 2 requested
0:118  0:000   - [00]: com.apple.driver.AppleIntelLpssI2C (Prevent Apple I2C kexts from attaching to I2C controllers, credit CoolStar) :: PlistPatch :: data len: 5
0:118  0:000   - [01]: com.apple.driver.AppleIntelLpssI2CController (Prevent Apple I2C kexts from attaching to I2C controllers, credit CoolStar) :: PlistPatch :: data len: 5
0:118  0:000  Default theme: MacOS86
0:118  0:000  Hiding entries with string Preboot
0:118  0:000  Hiding entries with string Recovery
0:118  0:000  === [ LoadDrivers ] =======================================
0:120  0:001  Loading FSInject.efi  status=Success
0:121  0:001  Loading UsbKbDxe.efi  status=Success
0:124  0:002   - driver needs connecting
0:124  0:000  Loading HFSPlus.efi  status=Success
0:126  0:002   - driver needs connecting
0:126  0:000  Loading DataHubDxe.efi  status=Success
0:128  0:001  Loading ApfsDriverLoader.efi  status=Success
0:129  0:001   - driver needs connecting
0:129  0:000  Loading AudioDxe.efi  status=Success
0:131  0:002   - driver needs connecting
0:131  0:000  Loading UsbMouseDxe.efi  status=Success
0:133  0:001   - driver needs connecting
0:133  0:000  Loading FwRuntimeServices.efi  status=Success
0:135  0:001  Loading OcQuirks.efi  status=Success
0:137  0:001  5 drivers needs connecting ...
0:137  0:000  PlatformDriverOverrideProtocol->GetDriver overriden
0:137  0:000  HFS+ driver loaded
0:137  0:000  APFS driver loaded
0:137  0:000  Searching for invalid DiskIo BY_DRIVER connects: not found, all ok
0:386  0:249  === [ InitScreen ] ========================================
0:386  0:000  Console modes reported: 7, available modes:
0:386  0:000   - [01]: 80x25
0:386  0:000   - [02]: 80x50
0:386  0:000   - [03]: 80x25
0:386  0:000   - [04]: 240x56 (current mode)
0:386  0:000   - [05]: 100x31
0:386  0:000   - [06]: 128x40
0:386  0:000   - [07]: 160x53
0:386  0:000  SetScreenResolution: 1920x1080 - already set
0:386  0:000  SetScreenResolution: 1920x1080 - already set
0:386  0:000  reinit: self device path=PciRoot(0x0)\Pci(0x17,0x0)\Sata(0x0,0x0,0x0)\HD(1,GPT,473180BA-DA03-4B0C-B052-2101EBB931A0,0x28,0x64000)
0:387  0:000  Using embedded font: Success
0:389  0:001  === [ GetMacAddress ] =====================================
0:389  0:000   get legacy LAN MAC, 1 card found
0:389  0:000  Legacy MAC address of LAN #0= 54:AB:3A:4B:9A:6E:
0:389  0:000  === [ ScanSPD ] ===========================================
0:389  0:000  Scanning SMBus [8086:9D23], mmio: 0x94A2E004, ioport: 0x5040, hostc: 0x11
0:407  0:018  Slot: 0 Type 24 8192MB 1600MHz Vendor=Ramaxel Technology PartNo=RMT3160ME68FAF1600A SerialNo=0403020C070B0A0C
0:426  0:018  Slot: 2 Type 24 8192MB 1600MHz Vendor=Ramaxel Technology PartNo=RMT3160ME68FAF1600A SerialNo=04030F020B000A03
0:427  0:000  === [ GetAcpiTablesList ] =================================
0:433  0:006  Get Acpi Tables List from RSDT:
0:433  0:000   - [00]: FACP  ACRPRDCT len=268
0:433  0:000   - [01]: TCPA  ACRPRDCT len=50
0:433  0:000   - [02]: UEFI  ACRPRDCT len=566
0:433  0:000   - [03]: UEFI  ACRPRDCT len=66
0:433  0:000   - [04]: SSDT  ACRPRDCT len=1207
0:433  0:000   - [05]: SSDT  ACRPRDCT len=75
0:433  0:000   - [06]: TPM2  ACRPRDCT len=52
0:433  0:000   - [07]: SSDT  ACRPRDCT len=16586
0:433  0:000   - [08]: MSDM  ACRPRDCT len=85
0:433  0:000   - [09]: SSDT  ACRPRDCT len=20083
0:433  0:000   - [10]: DBGP  ACRPRDCT len=52
0:433  0:000   - [11]: DBG2  ACRPRDCT len=84
0:433  0:000   - [12]: SSDT  ACRPRDCT len=1226
0:433  0:000   - [13]: ASF!  ACRPRDCT len=165
0:433  0:000   - [14]: ASPT  ACRPRDCT len=52
0:433  0:000   - [15]: BOOT  ACRPRDCT len=40
0:433  0:000   - [16]: DBGP  ACRPRDCT len=52
0:433  0:000   - [17]: HPET  ACRPRDCT len=56
0:433  0:000   - [18]: LPIT  ACRPRDCT len=148
0:433  0:000   - [19]: APIC  ACRPRDCT len=188
0:433  0:000   - [20]: MCFG  ACRPRDCT len=60
0:433  0:000   - [21]: SSDT  ACRPRDCT len=410
0:433  0:000   - [22]: SSDT  ACRPRDCT len=1187
0:433  0:000   - [23]: SSDT  ACRPRDCT len=3672
0:433  0:000   - [24]: SSDT  ACRPRDCT len=12297
0:433  0:000   - [25]: DMAR  ACRPRDCT len=204
0:433  0:000   - [26]: FPDT  ACRPRDCT len=68
0:433  0:000   - [27]: BGRT  ACRPRDCT len=56
0:433  0:000  Calibrated TSC Frequency = 2594270120 = 2594MHz
0:433  0:000  === [ GetUserSettings ] ===================================
0:433  0:000  Add 2 devices:
0:433  0:000  Dropping 4 tables:
0:433  0:000   - [00]: Drop table  signature="DMAR" (52414D44)
0:433  0:000           - set table: 52414D44,                0 to drop: yes
0:433  0:000   - [01]: Drop table  signature="SSDT" (54445353) table-id="CpuPm" (0000006D50757043)
0:433  0:000           - set table: 54445353,       6D50757043 to drop: no
0:433  0:000   - [02]: Drop table  signature="SSDT" (54445353) table-id="Cpu0Ist" (0074734930757043)
0:433  0:000           - set table: 54445353,   74734930757043 to drop: no
0:433  0:000   - [03]: Drop table  signature="SSDT" (54445353) length=1226(0x6BEB1AA8)
0:433  0:000           - set table: 54445353,                0 to drop: yes
0:433  0:000   - final DSDT Fix mask=11C20050
0:433  0:000  PatchesDSDT: 6 requested
0:433  0:000   - [00]: (change GFX0 to IGPU) lenToFind: 4, lenToReplace: 4, Target Bridge: <null string>
0:433  0:000   - [01]: (change HDAS to HDEF) lenToFind: 4, lenToReplace: 4, Target Bridge: <null string>
0:433  0:000   - [02]: (change HECI to IMEI) lenToFind: 4, lenToReplace: 4, Target Bridge: <null string>
0:433  0:000   - [03]: (change SAT0 to SATA) lenToFind: 4, lenToReplace: 4, Target Bridge: <null string>
0:433  0:000   - [04]: (change _DSM to ZDSM) lenToFind: 4, lenToReplace: 4, Target Bridge: <null string>
0:433  0:000   - [05]: (change _STA to XSTA) lenToFind: 4, lenToReplace: 4, Target Bridge: <null string>
0:433  0:000  Devices to rename 2
0:433  0:000  PXSX:RP05:PCI0:_SB_:->will be renamed to GIGE
0:433  0:000  PXSX:RP06:PCI0:_SB_:->will be renamed to ARPT
0:433  0:000  Using ProductName from config: MacBookPro13,3
0:433  0:000  Found same BiosVersion in clover and config
0:433  0:000  BiosVersion: MBP133.88Z.F000.B00.1910301814
0:433  0:000  BiosReleaseDate: 10/30/2019
0:433  0:000  Using EfiVersion from clover: 263.0.0.0.0
0:433  0:000  Using FirmwareFeatures from config: 0xFC0FE17E
0:433  0:000  Using FirmwareFeaturesMask from config: 0xFF1FFF7F
0:433  0:000  Board-ID set from config as Mac-A5C67F76ED83108C
0:433  0:000  BoardType: 0xA
0:433  0:000  ChassisType: 0x9
0:434  0:000  === [ Found DSDT tables ] =================================
1:175  0:740  === [ ScanVolumes ] =======================================
1:175  0:000  Found 11 volumes with blockIO
1:175  0:000  - [00]: Volume: PciRoot(0x0)\Pci(0x17,0x0)\Sata(0x0,0x0,0x0)
1:175  0:000  - [01]: Volume: PciRoot(0x0)\Pci(0x17,0x0)\Sata(0x0,0x0,0x0)\HD(1,GPT,473180BA-DA03-4B0C-B052-2101EBB931A0,0x28,0x64000)
1:175  0:000          Result of bootcode detection: bootable unknown (legacy)
1:176  0:001          This is SelfVolume !!
1:176  0:000  - [02]: Volume: PciRoot(0x0)\Pci(0x17,0x0)\Sata(0x0,0x0,0x0)\HD(2,GPT,484AD273-DAF6-412F-A1E0-18F265FA88D1,0x64028,0xDF40230)
1:176  0:000          Result of bootcode detection: bootable unknown (legacy)
1:176  0:000  - [03]: Volume: PciRoot(0x0)\Pci(0x17,0x0)\Sata(0x0,0x0,0x0)\HD(3,GPT,8EE78DBD-EB3C-4168-9FF4-6DCAEAF948C7,0xDFA4800,0x8000)
1:176  0:000  - [04]: Volume: PciRoot(0x0)\Pci(0x17,0x0)\Sata(0x0,0x0,0x0)\HD(4,GPT,8CEAF573-C412-401B-A7DC-E252F041E564,0xDFAC800,0xDF77800)
1:177  0:000          Result of bootcode detection: bootable unknown (legacy)
1:177  0:000  - [05]: Volume: PciRoot(0x0)\Pci(0x17,0x0)\Sata(0x1,0x0,0x0)
1:177  0:000          Found optical drive
1:177  0:000  - [06]: Volume: PciRoot(0x0)\Pci(0x17,0x0)\Sata(0x0,0x0,0x0)\HD(2,GPT,484AD273-DAF6-412F-A1E0-18F265FA88D1,0x64028,0xDF40230)\VenMedia(BE74FCF7-0B7C-49F3-9147-01F4042E6842,67D3F8158A1D5F4193CDCC1539D0F480)
1:177  0:000          hiding this volume
1:177  0:000  - [07]: Volume: PciRoot(0x0)\Pci(0x17,0x0)\Sata(0x0,0x0,0x0)\HD(2,GPT,484AD273-DAF6-412F-A1E0-18F265FA88D1,0x64028,0xDF40230)\VenMedia(BE74FCF7-0B7C-49F3-9147-01F4042E6842,55AE5ED706DBCF369793C901B03603AC)
1:177  0:000  - [08]: Volume: PciRoot(0x0)\Pci(0x17,0x0)\Sata(0x0,0x0,0x0)\HD(2,GPT,484AD273-DAF6-412F-A1E0-18F265FA88D1,0x64028,0xDF40230)\VenMedia(BE74FCF7-0B7C-49F3-9147-01F4042E6842,75EA8948769E9A4B9411845453E07219)
1:177  0:000          hiding this volume
1:177  0:000  - [09]: Volume: PciRoot(0x0)\Pci(0x17,0x0)\Sata(0x0,0x0,0x0)\HD(2,GPT,484AD273-DAF6-412F-A1E0-18F265FA88D1,0x64028,0xDF40230)\VenMedia(BE74FCF7-0B7C-49F3-9147-01F4042E6842,505229D1E18115428337C64AF1353CFD)
1:177  0:000  - [10]: Volume: PciRoot(0x0)\Pci(0x17,0x0)\Sata(0x0,0x0,0x0)\HD(2,GPT,484AD273-DAF6-412F-A1E0-18F265FA88D1,0x64028,0xDF40230)\VenMedia(BE74FCF7-0B7C-49F3-9147-01F4042E6842,9368476CD7F1724EB78A00913117FFD2)
1:177  0:000  No AudioIoProtocols, status=Not Found
1:177  0:000  === [ InitTheme ] =========================================
1:177  0:000  use daylight theme
1:189  0:011  Using theme 'MacOS86' (EFI\CLOVER\themes\MacOS86)
1:189  0:000  OS main and drive as badge
1:189  0:000  file sound read: sound.wav Not Found
1:192  0:002  Loading font from ThemeDir: Success
1:192  0:000  theme inited
1:192  0:000  Chosen theme MacOS86
1:192  0:000  after NVRAM boot-args=-v dart=0 -disablegfxfirmware
1:192  0:000  === [ Dump SMC keys from NVRAM ] ==========================
1:192  0:000  no AppleSMC protocol
1:205  0:013  === [ ScanLoader ] ========================================
1:205  0:000  - [01]: 'EFI'
1:276  0:070          AddLoaderEntry for Volume Name=EFI
1:276  0:000          skipped because entry is hidden
1:276  0:000  - [06]: 'Preboot', hidden
1:276  0:000  - [07]: 'Catalina - Dati'
1:340  0:063  - [08]: 'Recovery', hidden
1:340  0:000  - [09]: 'VM'
1:402  0:062  - [10]: 'Catalina'
1:411  0:008          AddLoaderEntry for Volume Name=Catalina
1:415  0:004      Check if volume Is Hibernated:
1:415  0:000      Check sleep image 'by signature':
1:417  0:001      using default sleep image name = \private\var\vm\sleepimage
1:417  0:000      sleepimage not found -> Not Found
1:417  0:000      hibernated: no - sign
1:420  0:002          [!] Icon 18 (icons\vol_internal_apfs.icns) not found (path: EFI\CLOVER\themes\MacOS86)
1:483  0:063  Scanning legacy ...
1:483  0:000  === [ AddCustomTool ] =====================================
1:485  0:001  found tool \EFI\CLOVER\tools\Shell64U.efi
1:485  0:000  Checking EFI partition Volume 1 for Clover
1:485  0:000   Found Clover
1:488  0:003  === [ GetEfiBootDeviceFromNvram ] =========================
1:488  0:000   - efi-boot-device-data: PciRoot(0x0)\Pci(0x17,0x0)\Sata(0x0,0x0,0x0)\HD(2,GPT,484AD273-DAF6-412F-A1E0-18F265FA88D1,0x64028,0xDF40230)\VenMedia(BE74FCF7-0B7C-49F3-9147-01F4042E6842,9368476CD7F1724EB78A00913117FFD2)
1:488  0:000    - Volume: 'PciRoot(0x0)\Pci(0x17,0x0)\Sata(0x0,0x0,0x0)\HD(2,GPT,484AD273-DAF6-412F-A1E0-18F265FA88D1,0x64028,0xDF40230)\VenMedia(BE74FCF7-0B7C-49F3-9147-01F4042E6842,9368476CD7F1724EB78A00913117FFD2)'
1:488  0:000    - LoaderPath: '<null string>'
1:488  0:000    - Guid = 484AD273-DAF6-412F-A1E0-18F265FA88D1
1:488  0:000  === [ FindStartupDiskVolume ] =============================
1:488  0:000    - Volume: partition = PciRoot(0x0)\Pci(0x17,0x0)\Sata(0x0,0x0,0x0)\HD(2,GPT,484AD273-DAF6-412F-A1E0-18F265FA88D1,0x64028,0xDF40230)\VenMedia(BE74FCF7-0B7C-49F3-9147-01F4042E6842,9368476CD7F1724EB78A00913117FFD2)
1:488  0:000     - searching for that partition
1:488  0:000      - found entry 0. 'Boot macOS from Catalina', Volume 'Catalina'
1:488  0:000  Boot redirected to Entry 0. 'Boot macOS from Catalina'
1:488  0:000  DefaultIndex=0 and MainMenu.EntryCount=7
1:488  0:000  Use anime=Anim_1_Logo frames=65
2:116  0:627   found 65 frames of the anime
2:116  0:000  recalculated Screen->Film position
2:116  0:000   Anime seems OK, init it
3:604  1:488  GUI ready
4:318  0:713  exit from MainMenu 7
